mode: set
github.com/2024_2_BetterCallFirewall/internal/post/repository/samplerepo.go:15.34,19.2 1 1
github.com/2024_2_BetterCallFirewall/internal/post/repository/samplerepo.go:21.42,22.29 1 1
github.com/2024_2_BetterCallFirewall/internal/post/repository/samplerepo.go:22.29,31.3 4 1
github.com/2024_2_BetterCallFirewall/internal/post/repository/samplerepo.go:34.46,36.33 2 1
github.com/2024_2_BetterCallFirewall/internal/post/repository/samplerepo.go:36.33,38.3 1 1
github.com/2024_2_BetterCallFirewall/internal/post/repository/samplerepo.go:40.2,40.12 1 1
github.com/2024_2_BetterCallFirewall/internal/post/service/post.go:15.49,19.2 1 1
github.com/2024_2_BetterCallFirewall/internal/post/service/post.go:21.51,25.2 2 1
github.com/2024_2_BetterCallFirewall/internal/router/responder.go:21.48,23.2 1 1
github.com/2024_2_BetterCallFirewall/internal/router/responder.go:25.63,32.16 6 1
github.com/2024_2_BetterCallFirewall/internal/router/responder.go:32.16,34.3 1 0
github.com/2024_2_BetterCallFirewall/internal/router/responder.go:35.2,36.16 2 1
github.com/2024_2_BetterCallFirewall/internal/router/responder.go:36.16,38.3 1 0
github.com/2024_2_BetterCallFirewall/internal/router/responder.go:39.2,39.33 1 1
github.com/2024_2_BetterCallFirewall/internal/router/responder.go:42.70,50.17 7 1
github.com/2024_2_BetterCallFirewall/internal/router/responder.go:50.17,52.3 1 0
github.com/2024_2_BetterCallFirewall/internal/router/responder.go:55.69,63.17 7 1
github.com/2024_2_BetterCallFirewall/internal/router/responder.go:63.17,65.3 1 0
github.com/2024_2_BetterCallFirewall/internal/router/responder.go:68.67,73.38 5 1
github.com/2024_2_BetterCallFirewall/internal/router/responder.go:73.38,75.3 1 0
github.com/2024_2_BetterCallFirewall/internal/router/responder.go:77.2,80.17 3 1
github.com/2024_2_BetterCallFirewall/internal/router/responder.go:80.17,82.3 1 0
github.com/2024_2_BetterCallFirewall/internal/router/router.go:19.119,28.2 7 0
github.com/2024_2_BetterCallFirewall/internal/auth/controller/controller.go:40.117,46.2 1 1
github.com/2024_2_BetterCallFirewall/internal/auth/controller/controller.go:48.75,49.33 1 1
github.com/2024_2_BetterCallFirewall/internal/auth/controller/controller.go:49.33,52.3 2 1
github.com/2024_2_BetterCallFirewall/internal/auth/controller/controller.go:54.2,56.16 3 1
github.com/2024_2_BetterCallFirewall/internal/auth/controller/controller.go:56.16,59.3 2 1
github.com/2024_2_BetterCallFirewall/internal/auth/controller/controller.go:61.2,62.135 2 1
github.com/2024_2_BetterCallFirewall/internal/auth/controller/controller.go:62.135,65.3 2 1
github.com/2024_2_BetterCallFirewall/internal/auth/controller/controller.go:67.2,67.16 1 1
github.com/2024_2_BetterCallFirewall/internal/auth/controller/controller.go:67.16,70.3 2 1
github.com/2024_2_BetterCallFirewall/internal/auth/controller/controller.go:72.2,73.16 2 1
github.com/2024_2_BetterCallFirewall/internal/auth/controller/controller.go:73.16,76.3 2 1
github.com/2024_2_BetterCallFirewall/internal/auth/controller/controller.go:78.2,78.53 1 1
github.com/2024_2_BetterCallFirewall/internal/auth/controller/controller.go:81.71,82.33 1 1
github.com/2024_2_BetterCallFirewall/internal/auth/controller/controller.go:82.33,85.3 2 1
github.com/2024_2_BetterCallFirewall/internal/auth/controller/controller.go:87.2,89.16 3 1
github.com/2024_2_BetterCallFirewall/internal/auth/controller/controller.go:89.16,92.3 2 1
github.com/2024_2_BetterCallFirewall/internal/auth/controller/controller.go:94.2,95.16 2 1
github.com/2024_2_BetterCallFirewall/internal/auth/controller/controller.go:95.16,98.3 2 1
github.com/2024_2_BetterCallFirewall/internal/auth/controller/controller.go:100.2,102.93 2 1
github.com/2024_2_BetterCallFirewall/internal/auth/controller/controller.go:102.93,105.3 2 1
github.com/2024_2_BetterCallFirewall/internal/auth/controller/controller.go:107.2,107.16 1 1
github.com/2024_2_BetterCallFirewall/internal/auth/controller/controller.go:107.16,110.3 2 1
github.com/2024_2_BetterCallFirewall/internal/auth/controller/controller.go:112.2,113.16 2 1
github.com/2024_2_BetterCallFirewall/internal/auth/controller/controller.go:113.16,116.3 2 1
github.com/2024_2_BetterCallFirewall/internal/auth/controller/controller.go:118.2,118.40 1 1
github.com/2024_2_BetterCallFirewall/internal/auth/controller/controller.go:121.73,122.33 1 0
github.com/2024_2_BetterCallFirewall/internal/auth/controller/controller.go:122.33,125.3 2 0
github.com/2024_2_BetterCallFirewall/internal/auth/controller/controller.go:127.2,128.16 2 0
github.com/2024_2_BetterCallFirewall/internal/auth/controller/controller.go:128.16,131.3 2 0
github.com/2024_2_BetterCallFirewall/internal/auth/controller/controller.go:133.2,133.42 1 0
github.com/2024_2_BetterCallFirewall/internal/post/controller/controller.go:25.82,30.2 1 1
github.com/2024_2_BetterCallFirewall/internal/post/controller/controller.go:32.74,33.32 1 1
github.com/2024_2_BetterCallFirewall/internal/post/controller/controller.go:33.32,36.3 2 1
github.com/2024_2_BetterCallFirewall/internal/post/controller/controller.go:38.2,41.29 3 1
github.com/2024_2_BetterCallFirewall/internal/post/controller/controller.go:41.29,43.3 1 1
github.com/2024_2_BetterCallFirewall/internal/post/controller/controller.go:45.2,45.33 1 1
github.com/2024_2_BetterCallFirewall/internal/auth/service/auth.go:23.55,27.2 1 1
github.com/2024_2_BetterCallFirewall/internal/auth/service/auth.go:29.60,30.34 1 1
github.com/2024_2_BetterCallFirewall/internal/auth/service/auth.go:30.34,32.3 1 1
github.com/2024_2_BetterCallFirewall/internal/auth/service/auth.go:34.2,35.16 2 1
github.com/2024_2_BetterCallFirewall/internal/auth/service/auth.go:35.16,37.3 1 1
github.com/2024_2_BetterCallFirewall/internal/auth/service/auth.go:38.2,41.16 3 1
github.com/2024_2_BetterCallFirewall/internal/auth/service/auth.go:41.16,43.3 1 1
github.com/2024_2_BetterCallFirewall/internal/auth/service/auth.go:45.2,45.12 1 1
github.com/2024_2_BetterCallFirewall/internal/auth/service/auth.go:48.56,49.34 1 1
github.com/2024_2_BetterCallFirewall/internal/auth/service/auth.go:49.34,51.3 1 1
github.com/2024_2_BetterCallFirewall/internal/auth/service/auth.go:53.2,54.43 2 1
github.com/2024_2_BetterCallFirewall/internal/auth/service/auth.go:54.43,56.3 1 1
github.com/2024_2_BetterCallFirewall/internal/auth/service/auth.go:58.2,58.16 1 1
github.com/2024_2_BetterCallFirewall/internal/auth/service/auth.go:58.16,60.3 1 1
github.com/2024_2_BetterCallFirewall/internal/auth/service/auth.go:62.2,63.16 2 1
github.com/2024_2_BetterCallFirewall/internal/auth/service/auth.go:63.16,65.3 1 1
github.com/2024_2_BetterCallFirewall/internal/auth/service/auth.go:67.2,67.12 1 1
github.com/2024_2_BetterCallFirewall/internal/auth/service/auth.go:70.60,73.2 2 1
github.com/2024_2_BetterCallFirewall/internal/auth/service/session.go:23.66,27.2 1 1
github.com/2024_2_BetterCallFirewall/internal/auth/service/session.go:29.79,31.38 2 1
github.com/2024_2_BetterCallFirewall/internal/auth/service/session.go:31.38,33.3 1 1
github.com/2024_2_BetterCallFirewall/internal/auth/service/session.go:35.2,36.16 2 1
github.com/2024_2_BetterCallFirewall/internal/auth/service/session.go:36.16,38.3 1 0
github.com/2024_2_BetterCallFirewall/internal/auth/service/session.go:40.2,40.18 1 1
github.com/2024_2_BetterCallFirewall/internal/auth/service/session.go:43.101,45.16 2 1
github.com/2024_2_BetterCallFirewall/internal/auth/service/session.go:45.16,47.3 1 0
github.com/2024_2_BetterCallFirewall/internal/auth/service/session.go:48.2,49.16 2 1
github.com/2024_2_BetterCallFirewall/internal/auth/service/session.go:49.16,51.3 1 1
github.com/2024_2_BetterCallFirewall/internal/auth/service/session.go:53.2,63.18 3 1
github.com/2024_2_BetterCallFirewall/internal/auth/service/session.go:66.85,68.16 2 1
github.com/2024_2_BetterCallFirewall/internal/auth/service/session.go:68.16,70.3 1 1
github.com/2024_2_BetterCallFirewall/internal/auth/service/session.go:71.2,72.16 2 1
github.com/2024_2_BetterCallFirewall/internal/auth/service/session.go:72.16,74.3 1 1
github.com/2024_2_BetterCallFirewall/internal/auth/service/session.go:76.2,86.12 3 1
